<?xml version="1.0" encoding="UTF-8"?>
<!-- Generated by org.testng.reporters.JUnitXMLReporter -->
<testsuite ignored="0" hostname="PCV005056201183" failures="0" tests="3" name="Default test" time="53.502" errors="0" timestamp="2020-05-24T21:04:21 BST">
  <testcase classname="com.crm.qa.testcases.HomePageTest" name="VerifyHomePageTitle" time="0.071"/>
  <testcase classname="com.crm.qa.testcases.HomePageTest" name="VerifyCorrectUserName" time="1.015"/>
  <testcase classname="com.crm.qa.testcases.HomePageTest" name="VerifyClickOnContactLink" time="1.878"/>
</testsuite> <!-- Default test -->
