<?xml version="1.0" encoding="UTF-8"?>
<!-- Generated by org.testng.reporters.JUnitXMLReporter -->
<testsuite ignored="0" hostname="PCV005056201183" failures="0" tests="13" name="Free CRM Application Test" time="260.009" errors="0" timestamp="2020-05-27T17:01:33 BST">
  <testcase classname="com.crm.qa.testcases.LoginPageTest" name="ValidateClassicCRMLinkTest" time="0.227"/>
  <testcase classname="com.crm.qa.testcases.LoginPageTest" name="ValidateForgetPasswordLinkTest" time="0.914"/>
  <testcase classname="com.crm.qa.testcases.LoginPageTest" name="ValidateSignUpLinkTest" time="0.176"/>
  <testcase classname="com.crm.qa.testcases.LoginPageTest" name="loginTest" time="2.731"/>
  <testcase classname="com.crm.qa.testcases.LoginPageTest" name="loginPageTitleTest" time="0.018"/>
  <testcase classname="com.crm.qa.testcases.LoginPageTest" name="validateSignUpTest" time="0.127"/>
  <testcase classname="com.crm.qa.testcases.LoginPageTest" name="validateCRMTest" time="0.294"/>
  <testcase classname="com.crm.qa.testcases.HomePageTest" name="VerifyHomePageTitle" time="0.032"/>
  <testcase classname="com.crm.qa.testcases.HomePageTest" name="VerifyCorrectUserName" time="2.439"/>
  <testcase classname="com.crm.qa.testcases.HomePageTest" name="VerifyClickOnContactLink" time="2.92"/>
  <testcase classname="com.crm.qa.testcases.ContactsPageTest" name="VerifyContactsLabel" time="0.263"/>
  <testcase classname="com.crm.qa.testcases.ContactsPageTest" name="ClickOnContactPgaeCheckBox" time="0.382"/>
  <testcase classname="com.crm.qa.testcases.ContactsPageTest" name="ClickonnewContact" time="0.388"/>
</testsuite> <!-- Free CRM Application Test -->
