<?xml version="1.0" encoding="UTF-8"?>
<testng-results ignored="0" total="13" passed="13" failed="0" skipped="0">
  <reporter-output>
  </reporter-output>
  <suite started-at="2020-05-27T16:57:13 BST" name="Free CRM Test Automation Regression Test Suite" finished-at="2020-05-27T17:01:33 BST" duration-ms="260009">
    <groups>
    </groups>
    <test started-at="2020-05-27T16:57:13 BST" name="Free CRM Application Test" finished-at="2020-05-27T17:01:33 BST" duration-ms="260009">
      <class name="com.crm.qa.testcases.HomePageTest">
        <test-method is-config="true" signature="setup()[pri:0, instance:com.crm.qa.testcases.HomePageTest@7a6d7e92]" started-at="2020-05-27T16:59:19 BST" name="setup" finished-at="2020-05-27T16:59:36 BST" duration-ms="17346" status="PASS">
          <reporter-output>
          </reporter-output>
        </test-method> <!-- setup -->
        <test-method signature="VerifyHomePageTitle()[pri:1, instance:com.crm.qa.testcases.HomePageTest@7a6d7e92]" started-at="2020-05-27T16:59:36 BST" name="VerifyHomePageTitle" finished-at="2020-05-27T16:59:36 BST" duration-ms="32" status="PASS">
          <reporter-output>
          </reporter-output>
        </test-method> <!-- VerifyHomePageTitle -->
        <test-method is-config="true" signature="quit()[pri:0, instance:com.crm.qa.testcases.HomePageTest@7a6d7e92]" started-at="2020-05-27T16:59:36 BST" name="quit" finished-at="2020-05-27T16:59:37 BST" duration-ms="1049" status="PASS">
          <reporter-output>
          </reporter-output>
        </test-method> <!-- quit -->
        <test-method is-config="true" signature="setup()[pri:0, instance:com.crm.qa.testcases.HomePageTest@7a6d7e92]" started-at="2020-05-27T16:59:37 BST" name="setup" finished-at="2020-05-27T16:59:57 BST" duration-ms="19061" status="PASS">
          <reporter-output>
          </reporter-output>
        </test-method> <!-- setup -->
        <test-method signature="VerifyCorrectUserName()[pri:2, instance:com.crm.qa.testcases.HomePageTest@7a6d7e92]" started-at="2020-05-27T16:59:57 BST" name="VerifyCorrectUserName" finished-at="2020-05-27T16:59:59 BST" duration-ms="2439" status="PASS">
          <reporter-output>
          </reporter-output>
        </test-method> <!-- VerifyCorrectUserName -->
        <test-method is-config="true" signature="quit()[pri:0, instance:com.crm.qa.testcases.HomePageTest@7a6d7e92]" started-at="2020-05-27T16:59:59 BST" name="quit" finished-at="2020-05-27T17:00:00 BST" duration-ms="1343" status="PASS">
          <reporter-output>
          </reporter-output>
        </test-method> <!-- quit -->
        <test-method is-config="true" signature="setup()[pri:0, instance:com.crm.qa.testcases.HomePageTest@7a6d7e92]" started-at="2020-05-27T17:00:00 BST" name="setup" finished-at="2020-05-27T17:00:18 BST" duration-ms="18110" status="PASS">
          <reporter-output>
          </reporter-output>
        </test-method> <!-- setup -->
        <test-method signature="VerifyClickOnContactLink()[pri:3, instance:com.crm.qa.testcases.HomePageTest@7a6d7e92]" started-at="2020-05-27T17:00:18 BST" name="VerifyClickOnContactLink" finished-at="2020-05-27T17:00:21 BST" duration-ms="2920" status="PASS">
          <reporter-output>
          </reporter-output>
        </test-method> <!-- VerifyClickOnContactLink -->
        <test-method is-config="true" signature="quit()[pri:0, instance:com.crm.qa.testcases.HomePageTest@7a6d7e92]" started-at="2020-05-27T17:00:21 BST" name="quit" finished-at="2020-05-27T17:00:24 BST" duration-ms="2160" status="PASS">
          <reporter-output>
          </reporter-output>
        </test-method> <!-- quit -->
      </class> <!-- com.crm.qa.testcases.HomePageTest -->
      <class name="com.crm.qa.testcases.ContactsPageTest">
        <test-method is-config="true" signature="setup()[pri:0, instance:com.crm.qa.testcases.ContactsPageTest@aba625]" started-at="2020-05-27T17:00:24 BST" name="setup" finished-at="2020-05-27T17:00:45 BST" duration-ms="21388" status="PASS">
          <reporter-output>
          </reporter-output>
        </test-method> <!-- setup -->
        <test-method signature="VerifyContactsLabel()[pri:1, instance:com.crm.qa.testcases.ContactsPageTest@aba625]" started-at="2020-05-27T17:00:45 BST" name="VerifyContactsLabel" finished-at="2020-05-27T17:00:45 BST" duration-ms="263" status="PASS">
          <reporter-output>
          </reporter-output>
        </test-method> <!-- VerifyContactsLabel -->
        <test-method is-config="true" signature="quit()[pri:0, instance:com.crm.qa.testcases.ContactsPageTest@aba625]" started-at="2020-05-27T17:00:45 BST" name="quit" finished-at="2020-05-27T17:00:47 BST" duration-ms="1418" status="PASS">
          <reporter-output>
          </reporter-output>
        </test-method> <!-- quit -->
        <test-method is-config="true" signature="setup()[pri:0, instance:com.crm.qa.testcases.ContactsPageTest@aba625]" started-at="2020-05-27T17:00:47 BST" name="setup" finished-at="2020-05-27T17:01:10 BST" duration-ms="23249" status="PASS">
          <reporter-output>
          </reporter-output>
        </test-method> <!-- setup -->
        <test-method signature="ClickOnContactPgaeCheckBox()[pri:2, instance:com.crm.qa.testcases.ContactsPageTest@aba625]" started-at="2020-05-27T17:01:10 BST" name="ClickOnContactPgaeCheckBox" finished-at="2020-05-27T17:01:10 BST" duration-ms="382" status="PASS">
          <reporter-output>
          </reporter-output>
        </test-method> <!-- ClickOnContactPgaeCheckBox -->
        <test-method is-config="true" signature="quit()[pri:0, instance:com.crm.qa.testcases.ContactsPageTest@aba625]" started-at="2020-05-27T17:01:10 BST" name="quit" finished-at="2020-05-27T17:01:12 BST" duration-ms="1271" status="PASS">
          <reporter-output>
          </reporter-output>
        </test-method> <!-- quit -->
        <test-method is-config="true" signature="setup()[pri:0, instance:com.crm.qa.testcases.ContactsPageTest@aba625]" started-at="2020-05-27T17:01:12 BST" name="setup" finished-at="2020-05-27T17:01:31 BST" duration-ms="19607" status="PASS">
          <reporter-output>
          </reporter-output>
        </test-method> <!-- setup -->
        <test-method signature="ClickonnewContact()[pri:3, instance:com.crm.qa.testcases.ContactsPageTest@aba625]" started-at="2020-05-27T17:01:31 BST" name="ClickonnewContact" finished-at="2020-05-27T17:01:32 BST" duration-ms="388" status="PASS">
          <reporter-output>
          </reporter-output>
        </test-method> <!-- ClickonnewContact -->
        <test-method is-config="true" signature="quit()[pri:0, instance:com.crm.qa.testcases.ContactsPageTest@aba625]" started-at="2020-05-27T17:01:32 BST" name="quit" finished-at="2020-05-27T17:01:33 BST" duration-ms="1459" status="PASS">
          <reporter-output>
          </reporter-output>
        </test-method> <!-- quit -->
      </class> <!-- com.crm.qa.testcases.ContactsPageTest -->
      <class name="com.crm.qa.testcases.LoginPageTest">
        <test-method is-config="true" signature="setup()[pri:0, instance:com.crm.qa.testcases.LoginPageTest@1a4927d6]" started-at="2020-05-27T16:57:13 BST" name="setup" finished-at="2020-05-27T16:57:37 BST" duration-ms="23790" status="PASS">
          <reporter-output>
          </reporter-output>
        </test-method> <!-- setup -->
        <test-method signature="ValidateClassicCRMLinkTest()[pri:0, instance:com.crm.qa.testcases.LoginPageTest@1a4927d6]" started-at="2020-05-27T16:57:37 BST" name="ValidateClassicCRMLinkTest" finished-at="2020-05-27T16:57:37 BST" duration-ms="227" status="PASS">
          <reporter-output>
          </reporter-output>
        </test-method> <!-- ValidateClassicCRMLinkTest -->
        <test-method is-config="true" signature="tearDown()[pri:0, instance:com.crm.qa.testcases.LoginPageTest@1a4927d6]" started-at="2020-05-27T16:57:37 BST" name="tearDown" finished-at="2020-05-27T16:57:38 BST" duration-ms="1158" status="PASS">
          <reporter-output>
          </reporter-output>
        </test-method> <!-- tearDown -->
        <test-method is-config="true" signature="setup()[pri:0, instance:com.crm.qa.testcases.LoginPageTest@1a4927d6]" started-at="2020-05-27T16:57:38 BST" name="setup" finished-at="2020-05-27T16:57:52 BST" duration-ms="13713" status="PASS">
          <reporter-output>
          </reporter-output>
        </test-method> <!-- setup -->
        <test-method signature="ValidateForgetPasswordLinkTest()[pri:0, instance:com.crm.qa.testcases.LoginPageTest@1a4927d6]" started-at="2020-05-27T16:57:52 BST" name="ValidateForgetPasswordLinkTest" finished-at="2020-05-27T16:57:53 BST" duration-ms="914" status="PASS">
          <reporter-output>
          </reporter-output>
        </test-method> <!-- ValidateForgetPasswordLinkTest -->
        <test-method is-config="true" signature="tearDown()[pri:0, instance:com.crm.qa.testcases.LoginPageTest@1a4927d6]" started-at="2020-05-27T16:57:53 BST" name="tearDown" finished-at="2020-05-27T16:57:54 BST" duration-ms="1146" status="PASS">
          <reporter-output>
          </reporter-output>
        </test-method> <!-- tearDown -->
        <test-method is-config="true" signature="setup()[pri:0, instance:com.crm.qa.testcases.LoginPageTest@1a4927d6]" started-at="2020-05-27T16:57:54 BST" name="setup" finished-at="2020-05-27T16:58:08 BST" duration-ms="14377" status="PASS">
          <reporter-output>
          </reporter-output>
        </test-method> <!-- setup -->
        <test-method signature="ValidateSignUpLinkTest()[pri:0, instance:com.crm.qa.testcases.LoginPageTest@1a4927d6]" started-at="2020-05-27T16:58:08 BST" name="ValidateSignUpLinkTest" finished-at="2020-05-27T16:58:09 BST" duration-ms="176" status="PASS">
          <reporter-output>
          </reporter-output>
        </test-method> <!-- ValidateSignUpLinkTest -->
        <test-method is-config="true" signature="tearDown()[pri:0, instance:com.crm.qa.testcases.LoginPageTest@1a4927d6]" started-at="2020-05-27T16:58:09 BST" name="tearDown" finished-at="2020-05-27T16:58:10 BST" duration-ms="1368" status="PASS">
          <reporter-output>
          </reporter-output>
        </test-method> <!-- tearDown -->
        <test-method is-config="true" signature="setup()[pri:0, instance:com.crm.qa.testcases.LoginPageTest@1a4927d6]" started-at="2020-05-27T16:58:10 BST" name="setup" finished-at="2020-05-27T16:58:25 BST" duration-ms="15493" status="PASS">
          <reporter-output>
          </reporter-output>
        </test-method> <!-- setup -->
        <test-method signature="loginTest()[pri:0, instance:com.crm.qa.testcases.LoginPageTest@1a4927d6]" started-at="2020-05-27T16:58:25 BST" name="loginTest" finished-at="2020-05-27T16:58:28 BST" duration-ms="2731" status="PASS">
          <reporter-output>
          </reporter-output>
        </test-method> <!-- loginTest -->
        <test-method is-config="true" signature="tearDown()[pri:0, instance:com.crm.qa.testcases.LoginPageTest@1a4927d6]" started-at="2020-05-27T16:58:28 BST" name="tearDown" finished-at="2020-05-27T16:58:29 BST" duration-ms="927" status="PASS">
          <reporter-output>
          </reporter-output>
        </test-method> <!-- tearDown -->
        <test-method is-config="true" signature="setup()[pri:0, instance:com.crm.qa.testcases.LoginPageTest@1a4927d6]" started-at="2020-05-27T16:58:29 BST" name="setup" finished-at="2020-05-27T16:58:44 BST" duration-ms="14489" status="PASS">
          <reporter-output>
          </reporter-output>
        </test-method> <!-- setup -->
        <test-method signature="loginPageTitleTest()[pri:1, instance:com.crm.qa.testcases.LoginPageTest@1a4927d6]" started-at="2020-05-27T16:58:44 BST" name="loginPageTitleTest" finished-at="2020-05-27T16:58:44 BST" duration-ms="18" status="PASS">
          <reporter-output>
          </reporter-output>
        </test-method> <!-- loginPageTitleTest -->
        <test-method is-config="true" signature="tearDown()[pri:0, instance:com.crm.qa.testcases.LoginPageTest@1a4927d6]" started-at="2020-05-27T16:58:44 BST" name="tearDown" finished-at="2020-05-27T16:58:45 BST" duration-ms="1003" status="PASS">
          <reporter-output>
          </reporter-output>
        </test-method> <!-- tearDown -->
        <test-method is-config="true" signature="setup()[pri:0, instance:com.crm.qa.testcases.LoginPageTest@1a4927d6]" started-at="2020-05-27T16:58:45 BST" name="setup" finished-at="2020-05-27T16:59:00 BST" duration-ms="15815" status="PASS">
          <reporter-output>
          </reporter-output>
        </test-method> <!-- setup -->
        <test-method signature="validateSignUpTest()[pri:2, instance:com.crm.qa.testcases.LoginPageTest@1a4927d6]" started-at="2020-05-27T16:59:00 BST" name="validateSignUpTest" finished-at="2020-05-27T16:59:01 BST" duration-ms="127" status="PASS">
          <reporter-output>
          </reporter-output>
        </test-method> <!-- validateSignUpTest -->
        <test-method is-config="true" signature="tearDown()[pri:0, instance:com.crm.qa.testcases.LoginPageTest@1a4927d6]" started-at="2020-05-27T16:59:01 BST" name="tearDown" finished-at="2020-05-27T16:59:02 BST" duration-ms="1246" status="PASS">
          <reporter-output>
          </reporter-output>
        </test-method> <!-- tearDown -->
        <test-method is-config="true" signature="setup()[pri:0, instance:com.crm.qa.testcases.LoginPageTest@1a4927d6]" started-at="2020-05-27T16:59:02 BST" name="setup" finished-at="2020-05-27T16:59:17 BST" duration-ms="15556" status="PASS">
          <reporter-output>
          </reporter-output>
        </test-method> <!-- setup -->
        <test-method signature="validateCRMTest()[pri:3, instance:com.crm.qa.testcases.LoginPageTest@1a4927d6]" started-at="2020-05-27T16:59:17 BST" name="validateCRMTest" finished-at="2020-05-27T16:59:18 BST" duration-ms="294" status="PASS">
          <reporter-output>
          </reporter-output>
        </test-method> <!-- validateCRMTest -->
        <test-method is-config="true" signature="tearDown()[pri:0, instance:com.crm.qa.testcases.LoginPageTest@1a4927d6]" started-at="2020-05-27T16:59:18 BST" name="tearDown" finished-at="2020-05-27T16:59:19 BST" duration-ms="1452" status="PASS">
          <reporter-output>
          </reporter-output>
        </test-method> <!-- tearDown -->
      </class> <!-- com.crm.qa.testcases.LoginPageTest -->
    </test> <!-- Free CRM Application Test -->
  </suite> <!-- Free CRM Test Automation Regression Test Suite -->
</testng-results>
